G:\C+\SDL2VS12\SDL2GAMEVS12\SDL2GAMEVS12\DEBUG\SDL2GAMEVS12.PCH
G:\C+\SDL2VS12\SDL2GAMEVS12\SDL2GAMEVS12\DEBUG\STDAFX.OBJ
G:\C+\SDL2VS12\SDL2GAMEVS12\SDL2GAMEVS12\DEBUG\VC110.PDB
G:\C+\SDL2VS12\SDL2GAMEVS12\SDL2GAMEVS12\DEBUG\BASEOBJECT.OBJ
G:\C+\SDL2VS12\SDL2GAMEVS12\SDL2GAMEVS12\DEBUG\COMMONFUNC.OBJ
G:\C+\SDL2VS12\SDL2GAMEVS12\SDL2GAMEVS12\DEBUG\GAME_MAP.OBJ
G:\C+\SDL2VS12\SDL2GAMEVS12\SDL2GAMEVS12\DEBUG\IMPLEMENTTIMER.OBJ
G:\C+\SDL2VS12\SDL2GAMEVS12\SDL2GAMEVS12\DEBUG\MAIN.OBJ
G:\C+\SDL2VS12\SDL2GAMEVS12\SDL2GAMEVS12\DEBUG\MAINOBJ.OBJ
G:\C+\SDL2VS12\SDL2GAMEVS12\SDL2GAMEVS12\DEBUG\THREATOBJ.OBJ
G:\C+\SDL2VS12\SDL2GAMEVS12\SDL2GAMEVS12\DEBUG\BULLETOBJECT.OBJ
G:\C+\SDL2VS12\SDL2GAMEVS12\DEBUG\SDL2GAMEVS12.ILK
G:\C+\SDL2VS12\SDL2GAMEVS12\DEBUG\SDL2GAMEVS12.EXE
G:\C+\SDL2VS12\SDL2GAMEVS12\DEBUG\SDL2GAMEVS12.PDB
G:\C+\sdl2vs12\sdl2gamevs12\sdl2gamevs12\Debug\BaseObject.obj
G:\C+\sdl2vs12\sdl2gamevs12\sdl2gamevs12\Debug\BulletObject.obj
G:\C+\sdl2vs12\sdl2gamevs12\sdl2gamevs12\Debug\CommonFunc.obj
G:\C+\sdl2vs12\sdl2gamevs12\sdl2gamevs12\Debug\game_map.obj
G:\C+\sdl2vs12\sdl2gamevs12\sdl2gamevs12\Debug\ImplementTimer.obj
G:\C+\sdl2vs12\sdl2gamevs12\sdl2gamevs12\Debug\main.obj
G:\C+\sdl2vs12\sdl2gamevs12\sdl2gamevs12\Debug\MainObj.obj
G:\C+\sdl2vs12\sdl2gamevs12\sdl2gamevs12\Debug\stdafx.obj
G:\C+\sdl2vs12\sdl2gamevs12\sdl2gamevs12\Debug\ThreatObj.obj
G:\C+\sdl2vs12\sdl2gamevs12\sdl2gamevs12\Debug\cl.command.1.tlog
G:\C+\sdl2vs12\sdl2gamevs12\sdl2gamevs12\Debug\CL.read.1.tlog
G:\C+\sdl2vs12\sdl2gamevs12\sdl2gamevs12\Debug\CL.write.1.tlog
G:\C+\sdl2vs12\sdl2gamevs12\sdl2gamevs12\Debug\link-cvtres.read.1.tlog
G:\C+\sdl2vs12\sdl2gamevs12\sdl2gamevs12\Debug\link-cvtres.write.1.tlog
G:\C+\sdl2vs12\sdl2gamevs12\sdl2gamevs12\Debug\link-rc.read.1.tlog
G:\C+\sdl2vs12\sdl2gamevs12\sdl2gamevs12\Debug\link-rc.write.1.tlog
G:\C+\sdl2vs12\sdl2gamevs12\sdl2gamevs12\Debug\link.13216-cvtres.read.1.tlog
G:\C+\sdl2vs12\sdl2gamevs12\sdl2gamevs12\Debug\link.13216-cvtres.write.1.tlog
G:\C+\sdl2vs12\sdl2gamevs12\sdl2gamevs12\Debug\link.13216-rc.read.1.tlog
G:\C+\sdl2vs12\sdl2gamevs12\sdl2gamevs12\Debug\link.13216-rc.write.1.tlog
G:\C+\sdl2vs12\sdl2gamevs12\sdl2gamevs12\Debug\link.13216.read.1.tlog
G:\C+\sdl2vs12\sdl2gamevs12\sdl2gamevs12\Debug\link.13216.write.1.tlog
G:\C+\sdl2vs12\sdl2gamevs12\sdl2gamevs12\Debug\link.13292-cvtres.read.1.tlog
G:\C+\sdl2vs12\sdl2gamevs12\sdl2gamevs12\Debug\link.13292-cvtres.write.1.tlog
G:\C+\sdl2vs12\sdl2gamevs12\sdl2gamevs12\Debug\link.13292-rc.read.1.tlog
G:\C+\sdl2vs12\sdl2gamevs12\sdl2gamevs12\Debug\link.13292-rc.write.1.tlog
G:\C+\sdl2vs12\sdl2gamevs12\sdl2gamevs12\Debug\link.13292.read.1.tlog
G:\C+\sdl2vs12\sdl2gamevs12\sdl2gamevs12\Debug\link.13292.write.1.tlog
G:\C+\sdl2vs12\sdl2gamevs12\sdl2gamevs12\Debug\link.16928-cvtres.read.1.tlog
G:\C+\sdl2vs12\sdl2gamevs12\sdl2gamevs12\Debug\link.16928-cvtres.write.1.tlog
G:\C+\sdl2vs12\sdl2gamevs12\sdl2gamevs12\Debug\link.16928-rc.read.1.tlog
G:\C+\sdl2vs12\sdl2gamevs12\sdl2gamevs12\Debug\link.16928-rc.write.1.tlog
G:\C+\sdl2vs12\sdl2gamevs12\sdl2gamevs12\Debug\link.16928.read.1.tlog
G:\C+\sdl2vs12\sdl2gamevs12\sdl2gamevs12\Debug\link.16928.write.1.tlog
G:\C+\sdl2vs12\sdl2gamevs12\sdl2gamevs12\Debug\link.18532-cvtres.read.1.tlog
G:\C+\sdl2vs12\sdl2gamevs12\sdl2gamevs12\Debug\link.18532-cvtres.write.1.tlog
G:\C+\sdl2vs12\sdl2gamevs12\sdl2gamevs12\Debug\link.18532-rc.read.1.tlog
G:\C+\sdl2vs12\sdl2gamevs12\sdl2gamevs12\Debug\link.18532-rc.write.1.tlog
G:\C+\sdl2vs12\sdl2gamevs12\sdl2gamevs12\Debug\link.18532.read.1.tlog
G:\C+\sdl2vs12\sdl2gamevs12\sdl2gamevs12\Debug\link.18532.write.1.tlog
G:\C+\sdl2vs12\sdl2gamevs12\sdl2gamevs12\Debug\link.19144-cvtres.read.1.tlog
G:\C+\sdl2vs12\sdl2gamevs12\sdl2gamevs12\Debug\link.19144-cvtres.write.1.tlog
G:\C+\sdl2vs12\sdl2gamevs12\sdl2gamevs12\Debug\link.19144-rc.read.1.tlog
G:\C+\sdl2vs12\sdl2gamevs12\sdl2gamevs12\Debug\link.19144-rc.write.1.tlog
G:\C+\sdl2vs12\sdl2gamevs12\sdl2gamevs12\Debug\link.19144.read.1.tlog
G:\C+\sdl2vs12\sdl2gamevs12\sdl2gamevs12\Debug\link.19144.write.1.tlog
G:\C+\sdl2vs12\sdl2gamevs12\sdl2gamevs12\Debug\link.3900-cvtres.read.1.tlog
G:\C+\sdl2vs12\sdl2gamevs12\sdl2gamevs12\Debug\link.3900-cvtres.write.1.tlog
G:\C+\sdl2vs12\sdl2gamevs12\sdl2gamevs12\Debug\link.3900-rc.read.1.tlog
G:\C+\sdl2vs12\sdl2gamevs12\sdl2gamevs12\Debug\link.3900-rc.write.1.tlog
G:\C+\sdl2vs12\sdl2gamevs12\sdl2gamevs12\Debug\link.3900.read.1.tlog
G:\C+\sdl2vs12\sdl2gamevs12\sdl2gamevs12\Debug\link.3900.write.1.tlog
G:\C+\sdl2vs12\sdl2gamevs12\sdl2gamevs12\Debug\link.4020-cvtres.read.1.tlog
G:\C+\sdl2vs12\sdl2gamevs12\sdl2gamevs12\Debug\link.4020-cvtres.write.1.tlog
G:\C+\sdl2vs12\sdl2gamevs12\sdl2gamevs12\Debug\link.4020-rc.read.1.tlog
G:\C+\sdl2vs12\sdl2gamevs12\sdl2gamevs12\Debug\link.4020-rc.write.1.tlog
G:\C+\sdl2vs12\sdl2gamevs12\sdl2gamevs12\Debug\link.4020.read.1.tlog
G:\C+\sdl2vs12\sdl2gamevs12\sdl2gamevs12\Debug\link.4020.write.1.tlog
G:\C+\sdl2vs12\sdl2gamevs12\sdl2gamevs12\Debug\link.5576-cvtres.read.1.tlog
G:\C+\sdl2vs12\sdl2gamevs12\sdl2gamevs12\Debug\link.5576-cvtres.write.1.tlog
G:\C+\sdl2vs12\sdl2gamevs12\sdl2gamevs12\Debug\link.5576-rc.read.1.tlog
G:\C+\sdl2vs12\sdl2gamevs12\sdl2gamevs12\Debug\link.5576-rc.write.1.tlog
G:\C+\sdl2vs12\sdl2gamevs12\sdl2gamevs12\Debug\link.5576.read.1.tlog
G:\C+\sdl2vs12\sdl2gamevs12\sdl2gamevs12\Debug\link.5576.write.1.tlog
G:\C+\sdl2vs12\sdl2gamevs12\sdl2gamevs12\Debug\link.9392-cvtres.read.1.tlog
G:\C+\sdl2vs12\sdl2gamevs12\sdl2gamevs12\Debug\link.9392-cvtres.write.1.tlog
G:\C+\sdl2vs12\sdl2gamevs12\sdl2gamevs12\Debug\link.9392-rc.read.1.tlog
G:\C+\sdl2vs12\sdl2gamevs12\sdl2gamevs12\Debug\link.9392-rc.write.1.tlog
G:\C+\sdl2vs12\sdl2gamevs12\sdl2gamevs12\Debug\link.9392.read.1.tlog
G:\C+\sdl2vs12\sdl2gamevs12\sdl2gamevs12\Debug\link.9392.write.1.tlog
G:\C+\sdl2vs12\sdl2gamevs12\sdl2gamevs12\Debug\link.9904-cvtres.read.1.tlog
G:\C+\sdl2vs12\sdl2gamevs12\sdl2gamevs12\Debug\link.9904-cvtres.write.1.tlog
G:\C+\sdl2vs12\sdl2gamevs12\sdl2gamevs12\Debug\link.9904-rc.read.1.tlog
G:\C+\sdl2vs12\sdl2gamevs12\sdl2gamevs12\Debug\link.9904-rc.write.1.tlog
G:\C+\sdl2vs12\sdl2gamevs12\sdl2gamevs12\Debug\link.9904.read.1.tlog
G:\C+\sdl2vs12\sdl2gamevs12\sdl2gamevs12\Debug\link.9904.write.1.tlog
G:\C+\sdl2vs12\sdl2gamevs12\sdl2gamevs12\Debug\link.command.1.tlog
G:\C+\sdl2vs12\sdl2gamevs12\sdl2gamevs12\Debug\link.read.1.tlog
G:\C+\sdl2vs12\sdl2gamevs12\sdl2gamevs12\Debug\link.write.1.tlog
G:\C+\sdl2vs12\sdl2gamevs12\sdl2gamevs12\Debug\sdl2gamevs12.pch
G:\C+\sdl2vs12\sdl2gamevs12\sdl2gamevs12\Debug\vc110.idb
G:\C+\sdl2vs12\sdl2gamevs12\sdl2gamevs12\Debug\vc110.pdb
G:\C+\sdl2vs12\sdl2gamevs12\Debug\sdl2gamevs12.pdb
G:\C+\sdl2vs12\sdl2gamevs12\Debug\sdl2gamevs12.exe
G:\C+\sdl2vs12\sdl2gamevs12\Debug\sdl2gamevs12.ilk
